<?xml version="1.0" encoding="UTF-8"?>
<!-- Generated by org.testng.reporters.JUnitReportReporter -->
<testsuite hostname="DESKTOP-D862IQ3" failures="0" tests="1" name="testNGtest.trialTestclass" time="0.012" errors="0" timestamp="2023-01-30T14:19:37 IST" skipped="0">
  <testcase classname="testNGtest.trialTestclass" name="test" time="0.012"/>
  <system-out/>
</testsuite> <!-- testNGtest.trialTestclass -->
