<?xml version="1.0" encoding="UTF-8"?>
<!-- Generated by org.testng.reporters.JUnitReportReporter -->
<testsuite hostname="DESKTOP-D862IQ3" failures="0" tests="3" name="testNGtest.testngKeywords" time="0.012" errors="0" timestamp="2023-01-30T14:19:37 IST" skipped="0">
  <testcase classname="testNGtest.testngKeywords" name="testsujay" time="0.003"/>
  <system-out/>
  <testcase classname="testNGtest.testngKeywords" name="testwadkar" time="0.004"/>
  <system-out/>
  <testcase classname="testNGtest.testngKeywords" name="testprakashrao" time="0.005"/>
  <system-out/>
</testsuite> <!-- testNGtest.testngKeywords -->
